14:45:31.878 [main] INFO  testCases.TC_001_AccountRegistrationTest - ***  Starting TC_001_AccountRegistrationTest ***
14:45:32.028 [main] INFO  testCases.TC_001_AccountRegistrationTest - Clicked on My account link
14:45:32.581 [main] INFO  testCases.TC_001_AccountRegistrationTest - Clicked on register link
14:45:32.583 [main] INFO  testCases.TC_001_AccountRegistrationTest - Providing customer data
14:45:35.487 [main] INFO  testCases.TC_001_AccountRegistrationTest - Clicked on continue
14:45:35.521 [main] INFO  testCases.TC_001_AccountRegistrationTest - Validating expected message
14:45:35.524 [main] INFO  testCases.TC_001_AccountRegistrationTest - ***  Finished TC_001_AccountRegistrationTest ***
15:08:34.228 [main] INFO  testCases.TC_001_AccountRegistrationTest - ***  Starting TC_001_AccountRegistrationTest ***
15:08:34.460 [main] INFO  testCases.TC_001_AccountRegistrationTest - Clicked on My account link
15:08:34.798 [main] INFO  testCases.TC_001_AccountRegistrationTest - Clicked on register link
15:08:34.801 [main] INFO  testCases.TC_001_AccountRegistrationTest - Providing customer data
15:08:37.763 [main] INFO  testCases.TC_001_AccountRegistrationTest - Clicked on continue
15:08:37.794 [main] INFO  testCases.TC_001_AccountRegistrationTest - Validating expected message
15:08:37.797 [main] INFO  testCases.TC_001_AccountRegistrationTest - ***  Finished TC_001_AccountRegistrationTest ***
15:24:45.094 [main] INFO  testCases.TC_001_AccountRegistrationTest - ***  Starting TC_001_AccountRegistrationTest ***
15:24:45.176 [main] INFO  testCases.TC_001_AccountRegistrationTest - Clicked on My account link
15:24:45.557 [main] INFO  testCases.TC_001_AccountRegistrationTest - Clicked on register link
15:24:45.559 [main] INFO  testCases.TC_001_AccountRegistrationTest - Providing customer data
15:24:48.543 [main] INFO  testCases.TC_001_AccountRegistrationTest - Clicked on continue
15:24:48.579 [main] INFO  testCases.TC_001_AccountRegistrationTest - Validating expected message
15:24:48.582 [main] INFO  testCases.TC_001_AccountRegistrationTest - ***  Finished TC_001_AccountRegistrationTest ***
15:28:36.227 [main] INFO  testCases.TC_001_AccountRegistrationTest - ***  Starting TC_001_AccountRegistrationTest ***
15:28:36.349 [main] INFO  testCases.TC_001_AccountRegistrationTest - Clicked on My account link
15:28:36.669 [main] INFO  testCases.TC_001_AccountRegistrationTest - Clicked on register link
15:28:36.672 [main] INFO  testCases.TC_001_AccountRegistrationTest - Providing customer data
15:28:39.553 [main] INFO  testCases.TC_001_AccountRegistrationTest - Clicked on continue
15:28:39.588 [main] INFO  testCases.TC_001_AccountRegistrationTest - Validating expected message
15:28:39.590 [main] INFO  testCases.TC_001_AccountRegistrationTest - ***  Finished TC_001_AccountRegistrationTest ***
15:40:15.130 [TestNG-tests-1] INFO  testCases.TC_001_AccountRegistrationTest - ***  Starting TC_001_AccountRegistrationTest ***
15:40:15.233 [TestNG-tests-1] INFO  testCases.TC_001_AccountRegistrationTest - Clicked on My account link
15:40:15.559 [TestNG-tests-1] INFO  testCases.TC_001_AccountRegistrationTest - Clicked on register link
15:40:15.563 [TestNG-tests-1] INFO  testCases.TC_001_AccountRegistrationTest - Providing customer data
15:40:17.154 [TestNG-tests-2] INFO  testCases.TC_001_AccountRegistrationTest - ***  Starting TC_001_AccountRegistrationTest ***
15:40:17.425 [TestNG-tests-2] INFO  testCases.TC_001_AccountRegistrationTest - Clicked on My account link
15:40:17.724 [TestNG-tests-2] INFO  testCases.TC_001_AccountRegistrationTest - Clicked on register link
15:40:17.727 [TestNG-tests-2] INFO  testCases.TC_001_AccountRegistrationTest - Providing customer data
15:40:18.334 [TestNG-tests-1] INFO  testCases.TC_001_AccountRegistrationTest - Clicked on continue
15:40:18.363 [TestNG-tests-1] INFO  testCases.TC_001_AccountRegistrationTest - Validating expected message
15:40:18.366 [TestNG-tests-1] INFO  testCases.TC_001_AccountRegistrationTest - ***  Finished TC_001_AccountRegistrationTest ***
15:40:20.488 [TestNG-tests-2] INFO  testCases.TC_001_AccountRegistrationTest - Clicked on continue
15:40:20.505 [TestNG-tests-2] INFO  testCases.TC_001_AccountRegistrationTest - Validating expected message
15:40:20.505 [TestNG-tests-2] INFO  testCases.TC_001_AccountRegistrationTest - ***  Finished TC_001_AccountRegistrationTest ***
16:00:07.956 [main] INFO  testCases.TC_001_AccountRegistrationTest - ***  Starting TC_001_AccountRegistrationTest ***
16:00:08.077 [main] INFO  testCases.TC_001_AccountRegistrationTest - Clicked on My account link
16:00:08.693 [main] INFO  testCases.TC_001_AccountRegistrationTest - Clicked on register link
16:00:08.696 [main] INFO  testCases.TC_001_AccountRegistrationTest - Providing customer data
16:00:11.869 [main] INFO  testCases.TC_001_AccountRegistrationTest - Clicked on continue
16:00:11.906 [main] INFO  testCases.TC_001_AccountRegistrationTest - Validating expected message
16:00:11.909 [main] INFO  testCases.TC_001_AccountRegistrationTest - ***  Finished TC_001_AccountRegistrationTest ***
16:01:06.347 [main] INFO  testCases.TC_001_AccountRegistrationTest - ***  Starting TC_001_AccountRegistrationTest ***
16:01:06.421 [main] INFO  testCases.TC_001_AccountRegistrationTest - Clicked on My account link
16:01:06.690 [main] INFO  testCases.TC_001_AccountRegistrationTest - Clicked on register link
16:01:06.692 [main] INFO  testCases.TC_001_AccountRegistrationTest - Providing customer data
16:01:09.442 [main] INFO  testCases.TC_001_AccountRegistrationTest - Clicked on continue
16:01:09.472 [main] INFO  testCases.TC_001_AccountRegistrationTest - Validating expected message
16:01:09.474 [main] INFO  testCases.TC_001_AccountRegistrationTest - ***  Finished TC_001_AccountRegistrationTest ***
16:28:35.921 [main] INFO  testCases.TC_001_AccountRegistrationTest - ***  Starting TC_001_AccountRegistrationTest ***
16:28:36.136 [main] INFO  testCases.TC_001_AccountRegistrationTest - Clicked on My account link
16:28:36.418 [main] INFO  testCases.TC_001_AccountRegistrationTest - Clicked on register link
16:28:36.420 [main] INFO  testCases.TC_001_AccountRegistrationTest - Providing customer data
16:28:39.242 [main] INFO  testCases.TC_001_AccountRegistrationTest - Clicked on continue
16:28:39.274 [main] INFO  testCases.TC_001_AccountRegistrationTest - Validating expected message
16:28:39.277 [main] INFO  testCases.TC_001_AccountRegistrationTest - ***  Finished TC_001_AccountRegistrationTest ***
16:30:58.268 [main] INFO  testCases.TC_001_AccountRegistrationTest - ***  Starting TC_001_AccountRegistrationTest ***
16:30:58.383 [main] INFO  testCases.TC_001_AccountRegistrationTest - Clicked on My account link
16:30:58.763 [main] INFO  testCases.TC_001_AccountRegistrationTest - Clicked on register link
16:30:58.765 [main] INFO  testCases.TC_001_AccountRegistrationTest - Providing customer data
16:30:59.390 [main] INFO  testCases.TC_001_AccountRegistrationTest - Clicked on continue
16:31:09.477 [main] INFO  testCases.TC_001_AccountRegistrationTest - Validating expected message
19:25:02.209 [main] INFO  testCases.TC_002_LoginTest - **** Starting TC_002_LoginTest ****
19:25:02.564 [main] INFO  testCases.TC_002_LoginTest - Clicked on My Account
19:25:03.060 [main] INFO  testCases.TC_002_LoginTest - Clicked on Login link
19:25:03.061 [main] INFO  testCases.TC_002_LoginTest - Providing Login details
19:25:03.739 [main] INFO  testCases.TC_002_LoginTest - Clicked on Login button
19:25:03.790 [main] INFO  testCases.TC_002_LoginTest - **** Finished TC_002_LoginTest ****
20:52:21.649 [main] INFO  testCases.TC_003_LoginDataDrivenTest - **** Starting TC_003_LoginDataDrivenTest ****
20:52:32.753 [main] INFO  testCases.TC_003_LoginDataDrivenTest - **** Finished TC_003_LoginDataDrivenTest ****
20:52:32.783 [main] INFO  testCases.TC_003_LoginDataDrivenTest - **** Starting TC_003_LoginDataDrivenTest ****
20:52:43.966 [main] INFO  testCases.TC_003_LoginDataDrivenTest - **** Finished TC_003_LoginDataDrivenTest ****
20:52:43.974 [main] INFO  testCases.TC_003_LoginDataDrivenTest - **** Starting TC_003_LoginDataDrivenTest ****
20:52:55.174 [main] INFO  testCases.TC_003_LoginDataDrivenTest - **** Finished TC_003_LoginDataDrivenTest ****
20:52:55.179 [main] INFO  testCases.TC_003_LoginDataDrivenTest - **** Starting TC_003_LoginDataDrivenTest ****
20:52:57.084 [main] INFO  testCases.TC_003_LoginDataDrivenTest - **** Finished TC_003_LoginDataDrivenTest ****
23:42:17.705 [main] INFO  testCases.TC_002_LoginTest - **** Starting TC_002_LoginTest ****
23:42:17.929 [main] INFO  testCases.TC_002_LoginTest - Clicked on My Account
23:42:18.606 [main] INFO  testCases.TC_002_LoginTest - Clicked on Login link
23:42:18.607 [main] INFO  testCases.TC_002_LoginTest - Providing Login details
23:42:19.504 [main] INFO  testCases.TC_002_LoginTest - Clicked on Login button
23:42:19.566 [main] INFO  testCases.TC_002_LoginTest - **** Finished TC_002_LoginTest ****
10:37:05.512 [main] INFO  testCases.TC_001_AccountRegistrationTest - ***  Starting TC_001_AccountRegistrationTest ***
10:37:05.945 [main] INFO  testCases.TC_001_AccountRegistrationTest - Clicked on My account link
10:37:06.806 [main] INFO  testCases.TC_001_AccountRegistrationTest - Clicked on register link
10:37:06.809 [main] INFO  testCases.TC_001_AccountRegistrationTest - Providing customer data
10:37:10.061 [main] INFO  testCases.TC_001_AccountRegistrationTest - Clicked on continue
10:37:10.093 [main] INFO  testCases.TC_001_AccountRegistrationTest - Validating expected message
10:37:10.095 [main] INFO  testCases.TC_001_AccountRegistrationTest - ***  Finished TC_001_AccountRegistrationTest ***
10:37:11.792 [main] INFO  testCases.TC_002_LoginTest - **** Starting TC_002_LoginTest ****
10:37:11.995 [main] INFO  testCases.TC_002_LoginTest - Clicked on My Account
10:37:12.466 [main] INFO  testCases.TC_002_LoginTest - Clicked on Login link
10:37:12.468 [main] INFO  testCases.TC_002_LoginTest - Providing Login details
10:37:13.121 [main] INFO  testCases.TC_002_LoginTest - Clicked on Login button
10:37:13.170 [main] INFO  testCases.TC_002_LoginTest - **** Finished TC_002_LoginTest ****
10:39:04.340 [main] INFO  testCases.TC_001_AccountRegistrationTest - ***  Starting TC_001_AccountRegistrationTest ***
10:39:04.453 [main] INFO  testCases.TC_001_AccountRegistrationTest - Clicked on My account link
10:39:04.834 [main] INFO  testCases.TC_001_AccountRegistrationTest - Clicked on register link
10:39:04.837 [main] INFO  testCases.TC_001_AccountRegistrationTest - Providing customer data
10:39:07.848 [main] INFO  testCases.TC_001_AccountRegistrationTest - Clicked on continue
10:39:07.881 [main] INFO  testCases.TC_001_AccountRegistrationTest - Validating expected message
10:39:07.884 [main] INFO  testCases.TC_001_AccountRegistrationTest - ***  Finished TC_001_AccountRegistrationTest ***
10:39:10.325 [main] INFO  testCases.TC_002_LoginTest - **** Starting TC_002_LoginTest ****
10:39:10.391 [main] INFO  testCases.TC_002_LoginTest - Clicked on My Account
10:39:10.722 [main] INFO  testCases.TC_002_LoginTest - Clicked on Login link
10:39:10.723 [main] INFO  testCases.TC_002_LoginTest - Providing Login details
10:39:11.333 [main] INFO  testCases.TC_002_LoginTest - Clicked on Login button
10:39:11.379 [main] INFO  testCases.TC_002_LoginTest - **** Finished TC_002_LoginTest ****
11:04:46.097 [main] INFO  testCases.TC_001_AccountRegistrationTest - ***  Starting TC_001_AccountRegistrationTest ***
11:04:46.337 [main] INFO  testCases.TC_001_AccountRegistrationTest - Clicked on My account link
11:04:46.726 [main] INFO  testCases.TC_001_AccountRegistrationTest - Clicked on register link
11:04:46.728 [main] INFO  testCases.TC_001_AccountRegistrationTest - Providing customer data
11:04:49.709 [main] INFO  testCases.TC_001_AccountRegistrationTest - Clicked on continue
11:04:49.745 [main] INFO  testCases.TC_001_AccountRegistrationTest - Validating expected message
11:04:49.747 [main] INFO  testCases.TC_001_AccountRegistrationTest - ***  Finished TC_001_AccountRegistrationTest ***
11:04:51.560 [main] INFO  testCases.TC_002_LoginTest - **** Starting TC_002_LoginTest ****
11:04:51.840 [main] INFO  testCases.TC_002_LoginTest - Clicked on My Account
11:04:52.125 [main] INFO  testCases.TC_002_LoginTest - Clicked on Login link
11:04:52.126 [main] INFO  testCases.TC_002_LoginTest - Providing Login details
11:04:52.613 [main] INFO  testCases.TC_002_LoginTest - Clicked on Login button
11:04:52.674 [main] INFO  testCases.TC_002_LoginTest - **** Finished TC_002_LoginTest ****
12:10:55.168 [main] INFO  testCases.TC_001_AccountRegistrationTest - ***  Starting TC_001_AccountRegistrationTest ***
12:10:55.462 [main] INFO  testCases.TC_001_AccountRegistrationTest - Clicked on My account link
12:10:55.817 [main] INFO  testCases.TC_001_AccountRegistrationTest - Clicked on register link
12:10:55.821 [main] INFO  testCases.TC_001_AccountRegistrationTest - Providing customer data
12:10:58.729 [main] INFO  testCases.TC_001_AccountRegistrationTest - Clicked on continue
12:10:58.759 [main] INFO  testCases.TC_001_AccountRegistrationTest - Validating expected message
12:10:58.761 [main] INFO  testCases.TC_001_AccountRegistrationTest - ***  Finished TC_001_AccountRegistrationTest ***
12:11:00.987 [main] INFO  testCases.TC_002_LoginTest - **** Starting TC_002_LoginTest ****
12:11:01.269 [main] INFO  testCases.TC_002_LoginTest - Clicked on My Account
12:11:01.566 [main] INFO  testCases.TC_002_LoginTest - Clicked on Login link
12:11:01.568 [main] INFO  testCases.TC_002_LoginTest - Providing Login details
12:11:02.065 [main] INFO  testCases.TC_002_LoginTest - Clicked on Login button
12:11:02.102 [main] INFO  testCases.TC_002_LoginTest - **** Finished TC_002_LoginTest ****
17:31:03.399 [main] INFO  testCases.TC_001_AccountRegistrationTest - ***  Starting TC_001_AccountRegistrationTest ***
17:31:03.521 [main] INFO  testCases.TC_001_AccountRegistrationTest - Clicked on My account link
17:31:04.087 [main] INFO  testCases.TC_001_AccountRegistrationTest - Clicked on register link
17:31:04.089 [main] INFO  testCases.TC_001_AccountRegistrationTest - Providing customer data
17:31:07.354 [main] INFO  testCases.TC_001_AccountRegistrationTest - Clicked on continue
17:31:07.402 [main] INFO  testCases.TC_001_AccountRegistrationTest - Validating expected message
17:31:07.410 [main] INFO  testCases.TC_001_AccountRegistrationTest - ***  Finished TC_001_AccountRegistrationTest ***
17:35:06.028 [main] INFO  testCases.TC_001_AccountRegistrationTest - ***  Starting TC_001_AccountRegistrationTest ***
17:35:06.275 [main] INFO  testCases.TC_001_AccountRegistrationTest - Clicked on My account link
17:35:06.906 [main] INFO  testCases.TC_001_AccountRegistrationTest - Clicked on register link
17:35:06.908 [main] INFO  testCases.TC_001_AccountRegistrationTest - Providing customer data
17:35:10.127 [main] INFO  testCases.TC_001_AccountRegistrationTest - Clicked on continue
17:35:10.161 [main] INFO  testCases.TC_001_AccountRegistrationTest - Validating expected message
17:35:10.167 [main] INFO  testCases.TC_001_AccountRegistrationTest - ***  Finished TC_001_AccountRegistrationTest ***
17:45:48.016 [TestNG-tests-1] INFO  testCases.TC_001_AccountRegistrationTest - ***  Starting TC_001_AccountRegistrationTest ***
17:45:48.382 [TestNG-tests-1] INFO  testCases.TC_001_AccountRegistrationTest - Clicked on My account link
17:45:48.872 [TestNG-tests-1] INFO  testCases.TC_001_AccountRegistrationTest - Clicked on register link
17:45:48.876 [TestNG-tests-1] INFO  testCases.TC_001_AccountRegistrationTest - Providing customer data
17:45:50.363 [TestNG-tests-2] INFO  testCases.TC_001_AccountRegistrationTest - ***  Starting TC_001_AccountRegistrationTest ***
17:45:50.609 [TestNG-tests-2] INFO  testCases.TC_001_AccountRegistrationTest - Clicked on My account link
17:45:51.227 [TestNG-tests-2] INFO  testCases.TC_001_AccountRegistrationTest - Clicked on register link
17:45:51.229 [TestNG-tests-2] INFO  testCases.TC_001_AccountRegistrationTest - Providing customer data
17:45:52.294 [TestNG-tests-1] INFO  testCases.TC_001_AccountRegistrationTest - Clicked on continue
17:45:52.367 [TestNG-tests-1] INFO  testCases.TC_001_AccountRegistrationTest - Validating expected message
17:45:52.375 [TestNG-tests-1] INFO  testCases.TC_001_AccountRegistrationTest - ***  Finished TC_001_AccountRegistrationTest ***
17:45:54.374 [TestNG-tests-2] INFO  testCases.TC_001_AccountRegistrationTest - Clicked on continue
17:45:55.645 [TestNG-tests-2] INFO  testCases.TC_001_AccountRegistrationTest - Validating expected message
17:46:35.107 [TestNG-tests-2] INFO  testCases.TC_001_AccountRegistrationTest - ***  Starting TC_001_AccountRegistrationTest ***
17:46:35.107 [TestNG-tests-1] INFO  testCases.TC_001_AccountRegistrationTest - ***  Starting TC_001_AccountRegistrationTest ***
17:46:35.388 [TestNG-tests-2] INFO  testCases.TC_001_AccountRegistrationTest - Clicked on My account link
17:46:35.625 [TestNG-tests-1] INFO  testCases.TC_001_AccountRegistrationTest - Clicked on My account link
17:46:45.637 [TestNG-tests-2] ERROR testCases.TC_001_AccountRegistrationTest - test failed
17:46:55.644 [TestNG-tests-1] ERROR testCases.TC_001_AccountRegistrationTest - test failed
17:48:12.427 [TestNG-tests-1] INFO  testCases.TC_001_AccountRegistrationTest - ***  Starting TC_001_AccountRegistrationTest ***
17:48:12.713 [TestNG-tests-1] INFO  testCases.TC_001_AccountRegistrationTest - Clicked on My account link
17:48:13.366 [TestNG-tests-1] INFO  testCases.TC_001_AccountRegistrationTest - Clicked on register link
17:48:13.370 [TestNG-tests-1] INFO  testCases.TC_001_AccountRegistrationTest - Providing customer data
17:48:16.759 [TestNG-tests-1] INFO  testCases.TC_001_AccountRegistrationTest - Clicked on continue
17:48:16.796 [TestNG-tests-1] INFO  testCases.TC_001_AccountRegistrationTest - Validating expected message
17:48:16.799 [TestNG-tests-1] INFO  testCases.TC_001_AccountRegistrationTest - ***  Finished TC_001_AccountRegistrationTest ***
17:48:58.142 [TestNG-tests-2] INFO  testCases.TC_001_AccountRegistrationTest - ***  Starting TC_001_AccountRegistrationTest ***
17:48:58.407 [TestNG-tests-2] INFO  testCases.TC_001_AccountRegistrationTest - Clicked on My account link
17:48:59.006 [TestNG-tests-2] INFO  testCases.TC_001_AccountRegistrationTest - Clicked on register link
17:48:59.007 [TestNG-tests-2] INFO  testCases.TC_001_AccountRegistrationTest - Providing customer data
17:49:02.064 [TestNG-tests-2] INFO  testCases.TC_001_AccountRegistrationTest - Clicked on continue
17:49:02.074 [TestNG-tests-2] INFO  testCases.TC_001_AccountRegistrationTest - Validating expected message
17:49:02.076 [TestNG-tests-2] INFO  testCases.TC_001_AccountRegistrationTest - ***  Finished TC_001_AccountRegistrationTest ***
17:49:24.260 [TestNG-tests-1] INFO  testCases.TC_001_AccountRegistrationTest - ***  Starting TC_001_AccountRegistrationTest ***
17:49:24.363 [TestNG-tests-1] INFO  testCases.TC_001_AccountRegistrationTest - Clicked on My account link
17:49:24.827 [TestNG-tests-1] INFO  testCases.TC_001_AccountRegistrationTest - Clicked on register link
17:49:24.831 [TestNG-tests-1] INFO  testCases.TC_001_AccountRegistrationTest - Providing customer data
17:49:35.828 [TestNG-tests-2] INFO  testCases.TC_001_AccountRegistrationTest - ***  Starting TC_001_AccountRegistrationTest ***
17:49:35.844 [TestNG-tests-1] ERROR testCases.TC_001_AccountRegistrationTest - test failed
17:49:36.100 [TestNG-tests-2] INFO  testCases.TC_001_AccountRegistrationTest - Clicked on My account link
17:49:37.158 [TestNG-tests-2] ERROR testCases.TC_001_AccountRegistrationTest - test failed
17:51:02.627 [main] INFO  testCases.TC_001_AccountRegistrationTest - ***  Starting TC_001_AccountRegistrationTest ***
17:51:02.745 [main] INFO  testCases.TC_001_AccountRegistrationTest - Clicked on My account link
17:51:03.341 [main] INFO  testCases.TC_001_AccountRegistrationTest - Clicked on register link
17:51:03.345 [main] INFO  testCases.TC_001_AccountRegistrationTest - Providing customer data
17:51:06.609 [main] INFO  testCases.TC_001_AccountRegistrationTest - Clicked on continue
17:51:06.651 [main] INFO  testCases.TC_001_AccountRegistrationTest - Validating expected message
17:51:06.653 [main] INFO  testCases.TC_001_AccountRegistrationTest - ***  Finished TC_001_AccountRegistrationTest ***
17:51:12.285 [main] INFO  testCases.TC_001_AccountRegistrationTest - ***  Starting TC_001_AccountRegistrationTest ***
17:51:12.541 [main] INFO  testCases.TC_001_AccountRegistrationTest - Clicked on My account link
17:51:13.339 [main] INFO  testCases.TC_001_AccountRegistrationTest - Clicked on register link
17:51:13.343 [main] INFO  testCases.TC_001_AccountRegistrationTest - Providing customer data
17:51:16.581 [main] INFO  testCases.TC_001_AccountRegistrationTest - Clicked on continue
17:51:16.594 [main] INFO  testCases.TC_001_AccountRegistrationTest - Validating expected message
17:51:16.594 [main] INFO  testCases.TC_001_AccountRegistrationTest - ***  Finished TC_001_AccountRegistrationTest ***
18:07:28.674 [TestNG-tests-1] INFO  testCases.TC_001_AccountRegistrationTest - ***  Starting TC_001_AccountRegistrationTest ***
18:07:28.850 [TestNG-tests-1] INFO  testCases.TC_001_AccountRegistrationTest - Clicked on My account link
18:07:29.286 [TestNG-tests-1] INFO  testCases.TC_001_AccountRegistrationTest - Clicked on register link
18:07:29.289 [TestNG-tests-1] INFO  testCases.TC_001_AccountRegistrationTest - Providing customer data
18:07:31.452 [TestNG-tests-2] INFO  testCases.TC_001_AccountRegistrationTest - ***  Starting TC_001_AccountRegistrationTest ***
18:07:31.694 [TestNG-tests-2] INFO  testCases.TC_001_AccountRegistrationTest - Clicked on My account link
18:07:32.155 [TestNG-tests-2] INFO  testCases.TC_001_AccountRegistrationTest - Clicked on register link
18:07:32.160 [TestNG-tests-2] INFO  testCases.TC_001_AccountRegistrationTest - Providing customer data
18:07:32.385 [TestNG-tests-1] INFO  testCases.TC_001_AccountRegistrationTest - Clicked on continue
18:07:32.432 [TestNG-tests-1] INFO  testCases.TC_001_AccountRegistrationTest - Validating expected message
18:07:32.436 [TestNG-tests-1] INFO  testCases.TC_001_AccountRegistrationTest - ***  Finished TC_001_AccountRegistrationTest ***
18:07:33.709 [TestNG-tests-2] ERROR testCases.TC_001_AccountRegistrationTest - test failed
18:08:10.005 [main] INFO  testCases.TC_001_AccountRegistrationTest - ***  Starting TC_001_AccountRegistrationTest ***
18:08:10.118 [main] INFO  testCases.TC_001_AccountRegistrationTest - Clicked on My account link
18:08:10.649 [main] INFO  testCases.TC_001_AccountRegistrationTest - Clicked on register link
18:08:10.652 [main] INFO  testCases.TC_001_AccountRegistrationTest - Providing customer data
18:08:13.957 [main] INFO  testCases.TC_001_AccountRegistrationTest - Clicked on continue
18:08:14.001 [main] INFO  testCases.TC_001_AccountRegistrationTest - Validating expected message
18:08:14.005 [main] INFO  testCases.TC_001_AccountRegistrationTest - ***  Finished TC_001_AccountRegistrationTest ***
18:08:18.075 [main] INFO  testCases.TC_001_AccountRegistrationTest - ***  Starting TC_001_AccountRegistrationTest ***
18:08:18.322 [main] INFO  testCases.TC_001_AccountRegistrationTest - Clicked on My account link
18:08:18.879 [main] INFO  testCases.TC_001_AccountRegistrationTest - Clicked on register link
18:08:18.881 [main] INFO  testCases.TC_001_AccountRegistrationTest - Providing customer data
18:08:22.084 [main] INFO  testCases.TC_001_AccountRegistrationTest - Clicked on continue
18:08:22.092 [main] INFO  testCases.TC_001_AccountRegistrationTest - Validating expected message
18:08:22.092 [main] INFO  testCases.TC_001_AccountRegistrationTest - ***  Finished TC_001_AccountRegistrationTest ***
18:32:19.922 [main] INFO  testCases.TC_001_AccountRegistrationTest - ***  Starting TC_001_AccountRegistrationTest ***
18:32:20.038 [main] INFO  testCases.TC_001_AccountRegistrationTest - Clicked on My account link
18:32:20.576 [main] INFO  testCases.TC_001_AccountRegistrationTest - Clicked on register link
18:32:20.579 [main] INFO  testCases.TC_001_AccountRegistrationTest - Providing customer data
18:32:23.581 [main] INFO  testCases.TC_001_AccountRegistrationTest - Clicked on continue
18:32:23.615 [main] INFO  testCases.TC_001_AccountRegistrationTest - Validating expected message
18:32:23.618 [main] INFO  testCases.TC_001_AccountRegistrationTest - ***  Finished TC_001_AccountRegistrationTest ***
18:32:25.965 [main] INFO  testCases.TC_002_LoginTest - **** Starting TC_002_LoginTest ****
18:32:26.346 [main] INFO  testCases.TC_002_LoginTest - Clicked on My Account
18:32:26.835 [main] INFO  testCases.TC_002_LoginTest - Clicked on Login link
18:32:26.837 [main] INFO  testCases.TC_002_LoginTest - Providing Login details
18:32:27.481 [main] INFO  testCases.TC_002_LoginTest - Clicked on Login button
18:32:27.527 [main] INFO  testCases.TC_002_LoginTest - **** Finished TC_002_LoginTest ****
18:40:17.461 [main] INFO  testCases.TC_001_AccountRegistrationTest - ***  Starting TC_001_AccountRegistrationTest ***
18:40:17.581 [main] INFO  testCases.TC_001_AccountRegistrationTest - Clicked on My account link
18:40:18.143 [main] INFO  testCases.TC_001_AccountRegistrationTest - Clicked on register link
18:40:18.146 [main] INFO  testCases.TC_001_AccountRegistrationTest - Providing customer data
18:40:21.402 [main] INFO  testCases.TC_001_AccountRegistrationTest - Clicked on continue
18:40:21.438 [main] INFO  testCases.TC_001_AccountRegistrationTest - Validating expected message
18:40:21.441 [main] INFO  testCases.TC_001_AccountRegistrationTest - ***  Finished TC_001_AccountRegistrationTest ***
18:40:23.810 [main] INFO  testCases.TC_002_LoginTest - **** Starting TC_002_LoginTest ****
18:40:23.943 [main] INFO  testCases.TC_002_LoginTest - Clicked on My Account
18:40:24.401 [main] INFO  testCases.TC_002_LoginTest - Clicked on Login link
18:40:24.403 [main] INFO  testCases.TC_002_LoginTest - Providing Login details
18:40:25.265 [main] INFO  testCases.TC_002_LoginTest - Clicked on Login button
18:40:25.360 [main] INFO  testCases.TC_002_LoginTest - **** Finished TC_002_LoginTest ****
19:11:59.440 [main] INFO  testCases.TC_004_SearchProductTest -  Starting TC_004_SearchProductTest 
19:12:01.649 [main] INFO  testCases.TC_004_SearchProductTest -  Finished TC_004_SearchProductTest 
19:16:38.085 [main] INFO  testCases.TC_005_AddToCartPageTest -  Starting TC_005_AddToCartPageTest 
19:16:41.302 [main] INFO  testCases.TC_005_AddToCartPageTest -  Finished TC_004_SearchProductTest 
